<?xml version="1.0" encoding="UTF-8"?>
<!-- Generated by org.testng.reporters.JUnitReportReporter -->
<testsuite hostname="DESKTOP-3IMF4AD" failures="0" tests="1" name="TestCases.Prac2" time="3.520" errors="0" timestamp="2022-07-24T20:23:46 IST" skipped="0">
  <testcase classname="TestCases.Prac2" name="class1" time="3.520"/>
  <system-out/>
</testsuite> <!-- TestCases.Prac2 -->
