<?xml version="1.0" encoding="UTF-8"?>
<!-- Generated by org.testng.reporters.JUnitReportReporter -->
<testsuite hostname="DESKTOP-3IMF4AD" failures="0" tests="4" name="TestCases.GroupTest" time="25.669" errors="0" timestamp="2022-07-01T18:55:39 IST" skipped="0">
  <testcase classname="TestCases.GroupTest" name="verifyTitleTest" time="4.086"/>
  <system-out/>
  <testcase classname="TestCases.GroupTest" name="verifyZerodhaLogoTest" time="4.280"/>
  <system-out/>
  <testcase classname="TestCases.GroupTest" name="verifyKitiLogoTest" time="4.304"/>
  <system-out/>
  <testcase classname="TestCases.GroupTest" name="loginToAppTest" time="12.999"/>
  <system-out/>
</testsuite> <!-- TestCases.GroupTest -->
