<?xml version="1.0" encoding="UTF-8"?>
<!-- Generated by org.testng.reporters.JUnitReportReporter -->
<testsuite hostname="DESKTOP-3IMF4AD" failures="0" tests="1" name="TestCases.Parallel2" time="12.444" errors="0" timestamp="2022-07-27T21:26:01 IST" skipped="0">
  <testcase classname="TestCases.Parallel2" name="parallel" time="12.444"/>
  <system-out/>
</testsuite> <!-- TestCases.Parallel2 -->
