<?xml version="1.0" encoding="UTF-8"?>
<!-- Generated by org.testng.reporters.JUnitReportReporter -->
<testsuite hostname="DESKTOP-3IMF4AD" failures="0" tests="2" name="TestCases.HardAssertTest" time="15.722" errors="0" timestamp="2022-07-27T21:14:31 IST" skipped="0">
  <testcase classname="TestCases.HardAssertTest" name="verifyKitiLogoTest" time="9.691"/>
  <system-out/>
  <testcase classname="TestCases.HardAssertTest" name="verifyTitleTest" time="6.031"/>
  <system-out/>
</testsuite> <!-- TestCases.HardAssertTest -->
