<?xml version="1.0" encoding="UTF-8"?>
<!-- Generated by org.testng.reporters.JUnitReportReporter -->
<testsuite hostname="DESKTOP-3IMF4AD" failures="0" tests="1" name="TestCases.Prac1" time="7.776" errors="0" timestamp="2022-07-24T20:23:46 IST" skipped="0">
  <testcase classname="TestCases.Prac1" name="class1" time="7.776"/>
  <system-out/>
</testsuite> <!-- TestCases.Prac1 -->
