<?xml version="1.0" encoding="UTF-8"?>
<!-- Generated by org.testng.reporters.JUnitReportReporter -->
<testsuite hostname="DESKTOP-3IMF4AD" failures="0" tests="3" name="TestCases.DashboardPageTest" time="74.171" errors="0" timestamp="2022-07-01T19:45:48 IST" skipped="0">
  <testcase classname="TestCases.DashboardPageTest" name="verifyUsernameTest" time="18.808"/>
  <system-out/>
  <testcase classname="TestCases.DashboardPageTest" name="verifyEmailIdTest" time="16.907"/>
  <system-out/>
  <testcase classname="TestCases.DashboardPageTest" name="placeGttOrderTest" time="38.456"/>
  <system-out/>
</testsuite> <!-- TestCases.DashboardPageTest -->
